<?xml version="1.0" encoding="UTF-8"?>
<!-- Generated by org.testng.reporters.JUnitXMLReporter -->
<testsuite hostname="Talha" ignored="0" name="Default test" tests="2" failures="0" timestamp="27 Apr 2018 23:10:47 GMT" time="40.164" errors="0">
  <testcase name="verifyMyHomePageIcon" time="17.959" classname="com.auto.amazonmvn.framework.testcases.myhomepage.MyHomePageCases"/>
  <testcase name="verifyMyHomePageTitle" time="17.366" classname="com.auto.amazonmvn.framework.testcases.myhomepage.MyHomePageCases"/>
</testsuite> <!-- Default test -->
