<?xml version="1.0" encoding="UTF-8"?>
<testsuite xmlns:xsi="http://www.w3.org/2001/XMLSchema-instance" xsi:schemaLocation="https://maven.apache.org/surefire/maven-surefire-plugin/xsd/surefire-test-report.xsd" name="TestSuite" time="144.059" tests="4" errors="0" skipped="0" failures="1">
  <properties>
[...]
</properties>
  <testcase name="validatePrimeMembershipLink" classname="com.auto.amazonmvn.framework.testcases.myAccount.MyAccountLinksVerificationCases" time="46.486"/>
  <testcase name="verifyMyHomePageIcon" classname="com.auto.amazonmvn.framework.testcases.myhomepage.MyHomePageCases" time="33.944"/>
  <testcase name="verifyMyHomePageTitle" classname="com.auto.amazonmvn.framework.testcases.myhomepage.MyHomePageCases" time="22.965"/>
  <testcase name="tc_editNameusingpoitodataread" classname="com.auto.amazonmvn.framework.testcases.myAccount.LoginnSecurityCases" time="23.457">
    <failure message="Web element reference not seen before: 5804a065-d4a8-4502-a959-041cb288c293&#10;For documentation on this error, please visit: http://seleniumhq.org/exceptions/no_such_element.html&#10;Build info: version: &apos;3.11.0&apos;, revision: &apos;e59cfb3&apos;, time: &apos;2018-03-11T20:26:55.152Z&apos;&#10;System info: host: &apos;TALHA&apos;, ip: &apos;192.168.17.1&apos;, os.name: &apos;Windows 8.1&apos;, os.arch: &apos;amd64&apos;, os.version: &apos;6.3&apos;, java.version: &apos;1.8.0_131&apos;&#10;Driver info: org.openqa.selenium.firefox.FirefoxDriver&#10;Capabilities {acceptInsecureCerts: true, browserName: firefox, browserVersion: 59.0.2, javascriptEnabled: true, moz:accessibilityChecks: false, moz:headless: false, moz:processID: 5548, moz:profile: C:\Users\MTK\AppData\Local\..., moz:useNonSpecCompliantPointerOrigin: false, moz:webdriverClick: true, pageLoadStrategy: normal, platform: XP, platformName: XP, platformVersion: 6.3, rotatable: false, timeouts: {implicit: 0, pageLoad: 300000, script: 30000}}&#10;Session ID: 491aeeae-3e3d-49f3-94a6-c9132e437a02" type="org.openqa.selenium.NoSuchElementException">org.openqa.selenium.NoSuchElementException: 
Web element reference not seen before: 5804a065-d4a8-4502-a959-041cb288c293
For documentation on this error, please visit: http://seleniumhq.org/exceptions/no_such_element.html
Build info: version: '3.11.0', revision: 'e59cfb3', time: '2018-03-11T20:26:55.152Z'
System info: host: 'TALHA', ip: '192.168.17.1', os.name: 'Windows 8.1', os.arch: 'amd64', os.version: '6.3', java.version: '1.8.0_131'
Driver info: org.openqa.selenium.firefox.FirefoxDriver
Capabilities {acceptInsecureCerts: true, browserName: firefox, browserVersion: 59.0.2, javascriptEnabled: true, moz:accessibilityChecks: false, moz:headless: false, moz:processID: 5548, moz:profile: C:\Users\MTK\AppData\Local\..., moz:useNonSpecCompliantPointerOrigin: false, moz:webdriverClick: true, pageLoadStrategy: normal, platform: XP, platformName: XP, platformVersion: 6.3, rotatable: false, timeouts: {implicit: 0, pageLoad: 300000, script: 30000}}
Session ID: 491aeeae-3e3d-49f3-94a6-c9132e437a02
	at com.auto.amazonmvn.framework.testcases.myAccount.LoginnSecurityCases.navigationToLoginnSecurityPage(LoginnSecurityCases.java:38)
	at com.auto.amazonmvn.framework.testcases.myAccount.LoginnSecurityCases.tc_editNameusingpoitodataread(LoginnSecurityCases.java:66)
</failure>
    <system-out><![CDATA[no. of matching rows are:1
Run no.:0

Before Navigating to :https://www.amazon.com/ap/signin?_encoding=UTF8&ignoreAuthState=1&openid.assoc_handle=usflex&openid.claimed_id=http%3A%2F%2Fspecs.openid.net%2Fauth%2F2.0%2Fidentifier_select&openid.identity=http%3A%2F%2Fspecs.openid.net%2Fauth%2F2.0%2Fidentifier_select&openid.mode=checkid_setup&openid.ns=http%3A%2F%2Fspecs.openid.net%2Fauth%2F2.0&openid.ns.pape=http%3A%2F%2Fspecs.openid.net%2Fextensions%2Fpape%2F1.0&openid.pape.max_auth_age=0&openid.return_to=https%3A%2F%2Fwww.amazon.com%2F%3Fref_%3Dnav_signin&switch_account='
Navigated to :https://www.amazon.com/ap/signin?_encoding=UTF8&ignoreAuthState=1&openid.assoc_handle=usflex&openid.claimed_id=http%3A%2F%2Fspecs.openid.net%2Fauth%2F2.0%2Fidentifier_select&openid.identity=http%3A%2F%2Fspecs.openid.net%2Fauth%2F2.0%2Fidentifier_select&openid.mode=checkid_setup&openid.ns=http%3A%2F%2Fspecs.openid.net%2Fauth%2F2.0&openid.ns.pape=http%3A%2F%2Fspecs.openid.net%2Fextensions%2Fpape%2F1.0&openid.pape.max_auth_age=0&openid.return_to=https%3A%2F%2Fwww.amazon.com%2F%3Fref_%3Dnav_signin&switch_account='
Trying to find element By : By.id: ap_email
Found element By : By.id: ap_email
found by id using or
Trying to find element By : By.id: continue
Found element By : By.id: continue
found by id using or
Trying to click on:[[FirefoxDriver: firefox on XP (cc601dc9-6cb8-4218-bcf3-dda52935c8a2)] -> id: continue]
Clicked on:[[FirefoxDriver: firefox on XP (cc601dc9-6cb8-4218-bcf3-dda52935c8a2)] -> id: continue]
Trying to find element By : By.name: password
Found element By : By.name: password
Trying to find element By : By.id: signInSubmit
Found element By : By.id: signInSubmit
found by id using or
Trying to click on:[[FirefoxDriver: firefox on XP (cc601dc9-6cb8-4218-bcf3-dda52935c8a2)] -> id: signInSubmit]
Clicked on:[[FirefoxDriver: firefox on XP (cc601dc9-6cb8-4218-bcf3-dda52935c8a2)] -> id: signInSubmit]
submit clicked
Trying to find element By : By.xpath: //a[@id='nav-link-accountList']//span[text()='Account & Lists']
Found element By : By.xpath: //a[@id='nav-link-accountList']//span[text()='Account & Lists']
Account & Lists
mousehover done
Trying to find element By : By.xpath: //div[@id='nav-al-your-account']//a[@class='nav-link nav-item']//span[text()='Your Account']
Found element By : By.xpath: //div[@id='nav-al-your-account']//a[@class='nav-link nav-item']//span[text()='Your Account']

]]></system-out>
    <system-err><![CDATA[Unable to read VR Path Registry from C:\Users\MTK\AppData\Local\openvr\openvrpaths.vrpath
[Child 5908, Chrome_ChildThread] WARNING: pipe error: 109: file z:/build/build/src/ipc/chromium/src/chrome/common/ipc_channel_win.cc, line 346
[Child 5908, Chrome_ChildThread] WARNING: pipe error: 109: file z:/build/build/src/ipc/chromium/src/chrome/common/ipc_channel_win.cc, line 346
Unable to read VR Path Registry from C:\Users\MTK\AppData\Local\openvr\openvrpaths.vrpath
[Child 5728, Chrome_ChildThread] WARNING: pipe error: 109: file z:/build/build/src/ipc/chromium/src/chrome/common/ipc_channel_win.cc, line 346
[Child 5728, Chrome_ChildThread] WARNING: pipe error: 109: file z:/build/build/src/ipc/chromium/src/chrome/common/ipc_channel_win.cc, line 346
*** UTM:SVC TimerManager:registerTimer called after profile-before-change notification. Ignoring timer registration for id: telemetry_modules_ping

###!!! [Child][MessageChannel::SendAndWait] Error: Channel error: cannot send/recv

Unable to read VR Path Registry from C:\Users\MTK\AppData\Local\openvr\openvrpaths.vrpath
1525206267912	geckodriver::marionette	ERROR	Failed to stop browser process
1525206268443	geckodriver	INFO	geckodriver 0.20.0
1525206268455	geckodriver	INFO	Listening on 127.0.0.1:40400
1525206268940	mozrunner::runner	INFO	Running command: "C:\\Program Files (x86)\\Mozilla Firefox\\firefox.exe" "-marionette" "-profile" "C:\\Users\\MTK\\AppData\\Local\\Temp\\rust_mozprofile.ED9tEoDHobvt"
1525206269746	Marionette	INFO	Enabled via --marionette
1525206272846	Marionette	INFO	Listening on port 51832
1525206273072	Marionette	WARN	TLS certificate errors will be ignored for this session
May 01, 2018 1:24:34 PM org.openqa.selenium.remote.ProtocolHandshake createSession
INFO: Detected dialect: W3C
]]></system-err>
  </testcase>
</testsuite>