<?xml version="1.0" encoding="UTF-8"?>
<testng-results skipped="0" failed="1" ignored="0" total="4" passed="3">
  <reporter-output>
  </reporter-output>
  <suite name="amazon" duration-ms="142675" started-at="2018-05-01T20:22:34Z" finished-at="2018-05-01T20:24:56Z">
    <groups>
    </groups>
    <test name="amazon.FF.myacctlognsec" duration-ms="142675" started-at="2018-05-01T20:22:34Z" finished-at="2018-05-01T20:24:56Z">
      <class name="com.auto.amazonmvn.framework.testcases.myhomepage.MyHomePageCases">
        <test-method status="PASS" signature="verifyMyHomePageIcon()[pri:0, instance:com.auto.amazonmvn.framework.testcases.myhomepage.MyHomePageCases@26ba2a48]" name="verifyMyHomePageIcon" duration-ms="33998" started-at="2018-05-01T20:23:20Z" finished-at="2018-05-01T20:23:54Z">
          <reporter-output>
          </reporter-output>
        </test-method> <!-- verifyMyHomePageIcon -->
        <test-method status="PASS" signature="setUp()[pri:0, instance:com.auto.amazonmvn.framework.testcases.myhomepage.MyHomePageCases@26ba2a48]" name="setUp" is-config="true" duration-ms="0" started-at="2018-05-01T20:23:20Z" finished-at="2018-05-01T20:23:20Z">
          <reporter-output>
          </reporter-output>
        </test-method> <!-- setUp -->
        <test-method status="PASS" signature="closeBrowser()[pri:0, instance:com.auto.amazonmvn.framework.testcases.myhomepage.MyHomePageCases@26ba2a48]" name="closeBrowser" is-config="true" duration-ms="8018" started-at="2018-05-01T20:23:54Z" finished-at="2018-05-01T20:24:02Z">
          <reporter-output>
          </reporter-output>
        </test-method> <!-- closeBrowser -->
        <test-method status="PASS" signature="setUp()[pri:0, instance:com.auto.amazonmvn.framework.testcases.myhomepage.MyHomePageCases@26ba2a48]" name="setUp" is-config="true" duration-ms="0" started-at="2018-05-01T20:24:02Z" finished-at="2018-05-01T20:24:02Z">
          <reporter-output>
          </reporter-output>
        </test-method> <!-- setUp -->
        <test-method status="PASS" signature="verifyMyHomePageTitle()[pri:0, instance:com.auto.amazonmvn.framework.testcases.myhomepage.MyHomePageCases@26ba2a48]" name="verifyMyHomePageTitle" duration-ms="22961" started-at="2018-05-01T20:24:02Z" finished-at="2018-05-01T20:24:25Z">
          <reporter-output>
          </reporter-output>
        </test-method> <!-- verifyMyHomePageTitle -->
        <test-method status="PASS" signature="closeBrowser()[pri:0, instance:com.auto.amazonmvn.framework.testcases.myhomepage.MyHomePageCases@26ba2a48]" name="closeBrowser" is-config="true" duration-ms="2752" started-at="2018-05-01T20:24:25Z" finished-at="2018-05-01T20:24:28Z">
          <reporter-output>
          </reporter-output>
        </test-method> <!-- closeBrowser -->
      </class> <!-- com.auto.amazonmvn.framework.testcases.myhomepage.MyHomePageCases -->
      <class name="com.auto.amazonmvn.framework.testcases.myAccount.MyAccountLinksVerificationCases">
        <test-method status="PASS" signature="validatePrimeMembershipLink()[pri:0, instance:com.auto.amazonmvn.framework.testcases.myAccount.MyAccountLinksVerificationCases@42d3bd8b]" name="validatePrimeMembershipLink" duration-ms="46434" started-at="2018-05-01T20:22:34Z" finished-at="2018-05-01T20:23:20Z">
          <reporter-output>
          </reporter-output>
        </test-method> <!-- validatePrimeMembershipLink -->
      </class> <!-- com.auto.amazonmvn.framework.testcases.myAccount.MyAccountLinksVerificationCases -->
      <class name="com.auto.amazonmvn.framework.testcases.myAccount.LoginnSecurityCases">
        <test-method status="FAIL" signature="tc_editNameusingpoitodataread()[pri:0, instance:com.auto.amazonmvn.framework.testcases.myAccount.LoginnSecurityCases@5f2050f6]" name="tc_editNameusingpoitodataread" duration-ms="22878" started-at="2018-05-01T20:24:28Z" finished-at="2018-05-01T20:24:51Z">
          <exception class="org.openqa.selenium.NoSuchElementException">
            <message>
              <![CDATA[Web element reference not seen before: 5804a065-d4a8-4502-a959-041cb288c293
For documentation on this error, please visit: http://seleniumhq.org/exceptions/no_such_element.html
Build info: version: '3.11.0', revision: 'e59cfb3', time: '2018-03-11T20:26:55.152Z'
System info: host: 'TALHA', ip: '192.168.17.1', os.name: 'Windows 8.1', os.arch: 'amd64', os.version: '6.3', java.version: '1.8.0_131'
Driver info: org.openqa.selenium.firefox.FirefoxDriver
Capabilities {acceptInsecureCerts: true, browserName: firefox, browserVersion: 59.0.2, javascriptEnabled: true, moz:accessibilityChecks: false, moz:headless: false, moz:processID: 5548, moz:profile: C:\Users\MTK\AppData\Local\..., moz:useNonSpecCompliantPointerOrigin: false, moz:webdriverClick: true, pageLoadStrategy: normal, platform: XP, platformName: XP, platformVersion: 6.3, rotatable: false, timeouts: {implicit: 0, pageLoad: 300000, script: 30000}}
Session ID: 491aeeae-3e3d-49f3-94a6-c9132e437a02]]>
            </message>
            <full-stacktrace>
              <![CDATA[org.openqa.selenium.NoSuchElementException: Web element reference not seen before: 5804a065-d4a8-4502-a959-041cb288c293
For documentation on this error, please visit: http://seleniumhq.org/exceptions/no_such_element.html
Build info: version: '3.11.0', revision: 'e59cfb3', time: '2018-03-11T20:26:55.152Z'
System info: host: 'TALHA', ip: '192.168.17.1', os.name: 'Windows 8.1', os.arch: 'amd64', os.version: '6.3', java.version: '1.8.0_131'
Driver info: org.openqa.selenium.firefox.FirefoxDriver
Capabilities {acceptInsecureCerts: true, browserName: firefox, browserVersion: 59.0.2, javascriptEnabled: true, moz:accessibilityChecks: false, moz:headless: false, moz:processID: 5548, moz:profile: C:\Users\MTK\AppData\Local\..., moz:useNonSpecCompliantPointerOrigin: false, moz:webdriverClick: true, pageLoadStrategy: normal, platform: XP, platformName: XP, platformVersion: 6.3, rotatable: false, timeouts: {implicit: 0, pageLoad: 300000, script: 30000}}
Session ID: 491aeeae-3e3d-49f3-94a6-c9132e437a02
at sun.reflect.NativeConstructorAccessorImpl.newInstance0(Native Method)
at sun.reflect.NativeConstructorAccessorImpl.newInstance(Unknown Source)
at sun.reflect.DelegatingConstructorAccessorImpl.newInstance(Unknown Source)
at java.lang.reflect.Constructor.newInstance(Unknown Source)
at org.openqa.selenium.remote.http.W3CHttpResponseCodec.createException(W3CHttpResponseCodec.java:187)
at org.openqa.selenium.remote.http.W3CHttpResponseCodec.decode(W3CHttpResponseCodec.java:122)
at org.openqa.selenium.remote.http.W3CHttpResponseCodec.decode(W3CHttpResponseCodec.java:49)
at org.openqa.selenium.remote.HttpCommandExecutor.execute(HttpCommandExecutor.java:158)
at org.openqa.selenium.remote.service.DriverCommandExecutor.execute(DriverCommandExecutor.java:83)
at org.openqa.selenium.remote.RemoteWebDriver.execute(RemoteWebDriver.java:545)
at org.openqa.selenium.remote.RemoteWebDriver.executeScript(RemoteWebDriver.java:482)
at com.auto.amazonmvn.framework.util.WebUtil$JSUtil.jsClick(WebUtil.java:404)
at com.auto.amazonmvn.framework.pages.functions.home.myhome.MyHomePage.navigateToMyAccountPage(MyHomePage.java:47)
at com.auto.amazonmvn.framework.testcases.myAccount.LoginnSecurityCases.navigationToLoginnSecurityPage(LoginnSecurityCases.java:38)
at com.auto.amazonmvn.framework.testcases.myAccount.LoginnSecurityCases.tc_editNameusingpoitodataread(LoginnSecurityCases.java:66)
at sun.reflect.NativeMethodAccessorImpl.invoke0(Native Method)
at sun.reflect.NativeMethodAccessorImpl.invoke(Unknown Source)
at sun.reflect.DelegatingMethodAccessorImpl.invoke(Unknown Source)
at java.lang.reflect.Method.invoke(Unknown Source)
at org.testng.internal.MethodInvocationHelper.invokeMethod(MethodInvocationHelper.java:124)
at org.testng.internal.Invoker.invokeMethod(Invoker.java:583)
at org.testng.internal.Invoker.invokeTestMethod(Invoker.java:719)
at org.testng.internal.Invoker.invokeTestMethods(Invoker.java:989)
at org.testng.internal.TestMethodWorker.invokeTestMethods(TestMethodWorker.java:125)
at org.testng.internal.TestMethodWorker.run(TestMethodWorker.java:109)
at org.testng.TestRunner.privateRun(TestRunner.java:648)
at org.testng.TestRunner.run(TestRunner.java:505)
at org.testng.SuiteRunner.runTest(SuiteRunner.java:455)
at org.testng.SuiteRunner.access$000(SuiteRunner.java:40)
at org.testng.SuiteRunner$SuiteWorker.run(SuiteRunner.java:489)
at org.testng.internal.thread.ThreadUtil$1.call(ThreadUtil.java:52)
at java.util.concurrent.FutureTask.run(Unknown Source)
at java.util.concurrent.ThreadPoolExecutor.runWorker(Unknown Source)
at java.util.concurrent.ThreadPoolExecutor$Worker.run(Unknown Source)
at java.lang.Thread.run(Unknown Source)
]]>
            </full-stacktrace>
          </exception> <!-- org.openqa.selenium.NoSuchElementException -->
          <reporter-output>
          </reporter-output>
        </test-method> <!-- tc_editNameusingpoitodataread -->
        <test-method status="PASS" signature="closeBrowser()[pri:0, instance:com.auto.amazonmvn.framework.testcases.myAccount.LoginnSecurityCases@5f2050f6]" name="closeBrowser" is-config="true" duration-ms="5029" started-at="2018-05-01T20:24:51Z" finished-at="2018-05-01T20:24:56Z">
          <reporter-output>
          </reporter-output>
        </test-method> <!-- closeBrowser -->
      </class> <!-- com.auto.amazonmvn.framework.testcases.myAccount.LoginnSecurityCases -->
    </test> <!-- amazon.FF.myacctlognsec -->
  </suite> <!-- amazon -->
</testng-results>
